<?xml version="1.0" encoding="UTF-8"?>
<!-- Generated by org.testng.reporters.JUnitReportReporter -->
<testsuite skipped="1" hostname="DESKTOP-2P1LG6M" name="testNG.Flag2" tests="11" failures="0" timestamp="2021-04-07T08:18:03 IST" time="0.040" errors="0">
  <testcase name="g" time="0.015" classname="testNG.Flag2"/>
  <system-out>
Hi i am g method  </system-out>
  <testcase name="run" time="0.003" classname="testNG.Flag2"/>
  <system-out>
 i check for the inconsistent bug  </system-out>
  <testcase name="run" time="0.003" classname="testNG.Flag2"/>
  <system-out>
 i check for the inconsistent bug  </system-out>
  <testcase name="run" time="0.003" classname="testNG.Flag2"/>
  <system-out>
 i check for the inconsistent bug  </system-out>
  <testcase name="run" time="0.006" classname="testNG.Flag2"/>
  <system-out>
 i check for the inconsistent bug  </system-out>
  <testcase name="run" time="0.003" classname="testNG.Flag2"/>
  <system-out>
 i check for the inconsistent bug  </system-out>
  <testcase name="p" time="0.002" classname="testNG.Flag2"/>
  <system-out>
Hi i am p method  </system-out>
  <testcase name="a" time="0.002" classname="testNG.Flag2"/>
  <system-out>
Hi i am a method  </system-out>
  <testcase name="h" time="0.002" classname="testNG.Flag2"/>
  <system-out>
Hi i am h method  </system-out>
  <testcase name="e" time="0.001" classname="testNG.Flag2"/>
  <system-out>
Hi i am e method  </system-out>
  <testcase name="x" classname="testNG.Flag2">
    <skipped/>
  </testcase> <!-- x -->
  <system-out/>
</testsuite> <!-- testNG.Flag2 -->
