<?xml version="1.0" encoding="UTF-8"?>
<!-- Generated by org.testng.reporters.JUnitReportReporter -->
<testsuite skipped="0" hostname="DESKTOP-2P1LG6M" name="testNG.Flag7" tests="12" failures="0" timestamp="2021-04-08T08:31:56 IST" time="0.064" errors="0">
  <testcase name="it5" time="0.002" classname="testNG.Flag7"/>
  <system-out>
Executed IT5  </system-out>
  <testcase name="ft1" time="0.023" classname="testNG.Flag7"/>
  <system-out>
Executed FT1  </system-out>
  <testcase name="ft4" time="0.008" classname="testNG.Flag7"/>
  <system-out>
Executed FT4  </system-out>
  <testcase name="ft2" time="0.003" classname="testNG.Flag7"/>
  <system-out>
Executed FT2  </system-out>
  <testcase name="it1" time="0.002" classname="testNG.Flag7"/>
  <system-out>
Executed IT1  </system-out>
  <testcase name="it2" time="0.001" classname="testNG.Flag7"/>
  <system-out>
Executed IT2  </system-out>
  <testcase name="it4" time="0.009" classname="testNG.Flag7"/>
  <system-out>
Executed IT4  </system-out>
  <testcase name="it3" time="0.001" classname="testNG.Flag7"/>
  <system-out>
Executed IT3  </system-out>
  <testcase name="ft5" time="0.005" classname="testNG.Flag7"/>
  <system-out>
Executed FT5  </system-out>
  <testcase name="it6" time="0.004" classname="testNG.Flag7"/>
  <system-out>
Executed IT6  </system-out>
  <testcase name="ft3" time="0.002" classname="testNG.Flag7"/>
  <system-out>
Executed FT3  </system-out>
  <testcase name="ft6" time="0.004" classname="testNG.Flag7"/>
  <system-out>
Executed FT6  </system-out>
</testsuite> <!-- testNG.Flag7 -->
