<?xml version="1.0" encoding="UTF-8"?>
<!-- Generated by org.testng.reporters.JUnitReportReporter -->
<testsuite skipped="0" hostname="DESKTOP-2P1LG6M" name="testNG.AssertionsInActiTime" tests="1" failures="0" timestamp="2021-04-12T13:45:56 IST" time="18.144" errors="0">
  <testcase name="login" time="18.144" classname="testNG.AssertionsInActiTime"/>
  <system-out>
Create User Create Setting  </system-out>
</testsuite> <!-- testNG.AssertionsInActiTime -->
