<?xml version="1.0" encoding="UTF-8"?>
<!-- Generated by org.testng.reporters.JUnitReportReporter -->
<testsuite skipped="0" hostname="DESKTOP-2P1LG6M" name="testNG.AnnotationsInTestNG" tests="2" failures="0" timestamp="2021-04-09T09:07:29 IST" time="0.017" errors="0">
  <testcase name="test1" time="0.005" classname="testNG.AnnotationsInTestNG"/>
  <system-out>
Test Script1  </system-out>
  <testcase name="test" time="0.012" classname="testNG.AnnotationsInTestNG"/>
  <system-out>
Test Script  </system-out>
</testsuite> <!-- testNG.AnnotationsInTestNG -->
