<?xml version="1.0" encoding="UTF-8"?>
<!-- Generated by org.testng.reporters.JUnitReportReporter -->
<testsuite skipped="0" hostname="DESKTOP-2P1LG6M" name="testNG.Sumo" tests="1" failures="0" timestamp="2021-04-07T08:14:16 IST" time="0.017" errors="0">
  <testcase name="sumo" time="0.017" classname="testNG.Sumo"/>
  <system-out>
Hi, i am from sumo  </system-out>
</testsuite> <!-- testNG.Sumo -->
