<?xml version="1.0" encoding="UTF-8"?>
<!-- Generated by org.testng.reporters.JUnitReportReporter -->
<testsuite skipped="0" hostname="DESKTOP-2P1LG6M" name="testNG.Priority" tests="6" failures="0" timestamp="2021-04-06T09:23:45 IST" time="0.050" errors="0">
  <testcase name="g" time="0.021" classname="testNG.Priority"/>
  <system-out>
Hi i am g method  </system-out>
  <testcase name="x" time="0.003" classname="testNG.Priority"/>
  <system-out>
Hi i am x method  </system-out>
  <testcase name="p" time="0.006" classname="testNG.Priority"/>
  <system-out>
Hi i am p method  </system-out>
  <testcase name="h" time="0.008" classname="testNG.Priority"/>
  <system-out>
Hi i am h method  </system-out>
  <testcase name="a" time="0.003" classname="testNG.Priority"/>
  <system-out>
Hi i am a method  </system-out>
  <testcase name="e" time="0.009" classname="testNG.Priority"/>
  <system-out>
Hi i am e method  </system-out>
</testsuite> <!-- testNG.Priority -->
