<?xml version="1.0" encoding="UTF-8"?>
<!-- Generated by org.testng.reporters.JUnitReportReporter -->
<testsuite skipped="0" hostname="DESKTOP-2P1LG6M" name="testNG.Remo" tests="2" failures="0" timestamp="2021-04-07T08:14:16 IST" time="0.008" errors="0">
  <testcase name="remo" time="0.003" classname="testNG.Remo"/>
  <system-out>
Hi, i am from remo  </system-out>
  <testcase name="remo1" time="0.005" classname="testNG.Remo"/>
  <system-out>
Hi, i am from remo1  </system-out>
</testsuite> <!-- testNG.Remo -->
