<?xml version="1.0" encoding="UTF-8"?>
<!-- Generated by org.testng.reporters.JUnitReportReporter -->
<testsuite skipped="0" hostname="DESKTOP-2P1LG6M" name="testNG.Class4" tests="1" failures="0" timestamp="2021-04-09T09:48:25 IST" time="35.545" errors="0">
  <testcase name="run" time="35.545" classname="testNG.Class4"/>
  <system-out/>
</testsuite> <!-- testNG.Class4 -->
