<?xml version="1.0" encoding="UTF-8"?>
<!-- Generated by org.testng.reporters.JUnitReportReporter -->
<testsuite skipped="0" hostname="DESKTOP-2P1LG6M" name="testNG.DataProviderClass" tests="3" failures="0" timestamp="2021-04-12T09:00:29 IST" time="30.264" errors="0">
  <testcase name="loginMethodForInvalidCredentials" time="9.639" classname="testNG.DataProviderClass"/>
  <system-out/>
  <testcase name="loginMethodForInvalidCredentials" time="11.040" classname="testNG.DataProviderClass"/>
  <system-out/>
  <testcase name="loginMethodForInvalidCredentials" time="9.585" classname="testNG.DataProviderClass"/>
  <system-out/>
</testsuite> <!-- testNG.DataProviderClass -->
