<?xml version="1.0" encoding="UTF-8"?>
<!-- Generated by org.testng.reporters.JUnitReportReporter -->
<testsuite skipped="0" hostname="DESKTOP-2P1LG6M" name="testNG.Class3" tests="1" failures="0" timestamp="2021-04-09T09:48:25 IST" time="37.875" errors="0">
  <testcase name="run" time="37.875" classname="testNG.Class3"/>
  <system-out/>
</testsuite> <!-- testNG.Class3 -->
