<?xml version="1.0" encoding="UTF-8"?>
<!-- Generated by org.testng.reporters.JUnitReportReporter -->
<testsuite skipped="0" hostname="DESKTOP-2P1LG6M" name="testNG.TestActiTime" tests="2" failures="0" timestamp="2021-04-08T09:22:31 IST" time="17.864" errors="0">
  <testcase name="launchBrowser" time="5.061" classname="testNG.TestActiTime"/>
  <system-out/>
  <testcase name="launchBrowser" time="12.803" classname="testNG.TestActiTime"/>
  <system-out/>
</testsuite> <!-- testNG.TestActiTime -->
