<?xml version="1.0" encoding="UTF-8"?>
<!-- Generated by org.testng.reporters.JUnitReportReporter -->
<testsuite skipped="0" hostname="DESKTOP-2P1LG6M" name="testNG.ParalleExecution" tests="2" failures="0" timestamp="2021-04-12T08:29:36 IST" time="0.042" errors="0">
  <testcase name="method2" time="0.021" classname="testNG.ParalleExecution"/>
  <system-out>
Hi I am from method2 i am running on port: 12  </system-out>
  <testcase name="method1" time="0.021" classname="testNG.ParalleExecution"/>
  <system-out>
Hi I am from method1 i am running on port: 11  </system-out>
</testsuite> <!-- testNG.ParalleExecution -->
