<?xml version="1.0" encoding="UTF-8"?>
<!-- Generated by org.testng.reporters.JUnitReportReporter -->
<testsuite skipped="0" hostname="DESKTOP-2P1LG6M" name="testNG.Flag5" tests="3" failures="0" timestamp="2021-04-07T08:48:28 IST" time="0.022" errors="0">
  <testcase name="logout" time="0.002" classname="testNG.Flag5"/>
  <system-out>
Logout  </system-out>
  <testcase name="login" time="0.015" classname="testNG.Flag5"/>
  <system-out>
Login  </system-out>
  <testcase name="createUser" time="0.005" classname="testNG.Flag5"/>
  <system-out>
User Created  </system-out>
</testsuite> <!-- testNG.Flag5 -->
