<?xml version="1.0" encoding="UTF-8"?>
<!-- Generated by org.testng.reporters.JUnitReportReporter -->
<testsuite skipped="0" hostname="DESKTOP-2P1LG6M" name="testNG.Class2" tests="1" failures="0" timestamp="2021-04-09T09:48:25 IST" time="32.394" errors="0">
  <testcase name="run" time="32.394" classname="testNG.Class2"/>
  <system-out/>
</testsuite> <!-- testNG.Class2 -->
